loadcore_IMPORTS_start
I_GetLoadcoreInternalData
I_QueryBootMode
loadcore_IMPORTS_end

intrman_IMPORTS_start
I_CpuSuspendIntr
I_CpuResumeIntr
intrman_IMPORTS_end

ioman_IMPORTS_start
I_open
I_close
I_DelDrv
I_AddDrv
ioman_IMPORTS_end

sifcmd_IMPORTS_start
I_sceSifRegisterRpc
I_sceSifSetRpcQueue
I_sceSifRpcLoop
I_sceSifRemoveRpc
I_sceSifRemoveRpcQueue
I_sceSifGetOtherData
sifcmd_IMPORTS_end

sifman_IMPORTS_start
I_sceSifSetDma
I_sceSifDmaStat
sifman_IMPORTS_end

stdio_IMPORTS_start
I_printf
stdio_IMPORTS_end

ssbusc_IMPORTS_start
I_SetDelay
I_GetDelay
I_SetBaseAddress
I_GetBaseAddress
ssbusc_IMPORTS_end

sysclib_IMPORTS_start
I_memset
I_memcpy
I_memcmp
I_strlen
I_strncpy
sysclib_IMPORTS_end

sysmem_IMPORTS_start
I_QueryMemSize
I_AllocSysMemory
I_FreeSysMemory
sysmem_IMPORTS_end

thbase_IMPORTS_start
I_CreateThread
I_StartThread
I_GetThreadId
I_ExitDeleteThread
I_ChangeThreadPriority
I_DelayThread
I_DeleteThread
I_TerminateThread
thbase_IMPORTS_end

//---------------------------------------------------------------------------
// End of file: imports.lst
//---------------------------------------------------------------------------
